<?xml version="1.0" encoding="UTF-8"?>
<!-- Generated by org.testng.reporters.JUnitReportReporter -->
<testsuite hostname="DESKTOP-5GLL25H" failures="0" tests="1" name="MyTestCases" time="5.096" errors="0" timestamp="2024-11-06T22:45:50 EET" skipped="0">
  <testcase classname="MyTestCases" name="searchAboutEsraa" time="5.096"/>
  <system-out/>
</testsuite> <!-- MyTestCases -->
